21-Feb-2019 17:34:35.041 INFO [main] org.apache.catalina.startup.VersionLoggerListener.log Server version:        Apache Tomcat/8.5.38
21-Feb-2019 17:34:35.053 INFO [main] org.apache.catalina.startup.VersionLoggerListener.log Server built:          Feb 5 2019 11:42:42 UTC
21-Feb-2019 17:34:35.053 INFO [main] org.apache.catalina.startup.VersionLoggerListener.log Server number:         8.5.38.0
21-Feb-2019 17:34:35.053 INFO [main] org.apache.catalina.startup.VersionLoggerListener.log OS Name:               Linux
21-Feb-2019 17:34:35.053 INFO [main] org.apache.catalina.startup.VersionLoggerListener.log OS Version:            4.15.0-1032-aws
21-Feb-2019 17:34:35.053 INFO [main] org.apache.catalina.startup.VersionLoggerListener.log Architecture:          amd64
21-Feb-2019 17:34:35.053 INFO [main] org.apache.catalina.startup.VersionLoggerListener.log Java Home:             /usr/lib/jvm/java-8-oracle/jre
21-Feb-2019 17:34:35.053 INFO [main] org.apache.catalina.startup.VersionLoggerListener.log JVM Version:           1.8.0_201-b09
21-Feb-2019 17:34:35.053 INFO [main] org.apache.catalina.startup.VersionLoggerListener.log JVM Vendor:            Oracle Corporation
21-Feb-2019 17:34:35.053 INFO [main] org.apache.catalina.startup.VersionLoggerListener.log CATALINA_BASE:         /root/sample/tomcat
21-Feb-2019 17:34:35.054 INFO [main] org.apache.catalina.startup.VersionLoggerListener.log CATALINA_HOME:         /root/sample/tomcat
21-Feb-2019 17:34:35.054 INFO [main] org.apache.catalina.startup.VersionLoggerListener.log Command line argument: -Djava.util.logging.config.file=/root/sample/tomcat/conf/logging.properties
21-Feb-2019 17:34:35.055 INFO [main] org.apache.catalina.startup.VersionLoggerListener.log Command line argument: -Djava.util.logging.manager=org.apache.juli.ClassLoaderLogManager
21-Feb-2019 17:34:35.055 INFO [main] org.apache.catalina.startup.VersionLoggerListener.log Command line argument: -Djdk.tls.ephemeralDHKeySize=2048
21-Feb-2019 17:34:35.055 INFO [main] org.apache.catalina.startup.VersionLoggerListener.log Command line argument: -Djava.protocol.handler.pkgs=org.apache.catalina.webresources
21-Feb-2019 17:34:35.055 INFO [main] org.apache.catalina.startup.VersionLoggerListener.log Command line argument: -Dorg.apache.catalina.security.SecurityListener.UMASK=0027
21-Feb-2019 17:34:35.055 INFO [main] org.apache.catalina.startup.VersionLoggerListener.log Command line argument: -Dignore.endorsed.dirs=
21-Feb-2019 17:34:35.055 INFO [main] org.apache.catalina.startup.VersionLoggerListener.log Command line argument: -Dcatalina.base=/root/sample/tomcat
21-Feb-2019 17:34:35.055 INFO [main] org.apache.catalina.startup.VersionLoggerListener.log Command line argument: -Dcatalina.home=/root/sample/tomcat
21-Feb-2019 17:34:35.055 INFO [main] org.apache.catalina.startup.VersionLoggerListener.log Command line argument: -Djava.io.tmpdir=/root/sample/tomcat/temp
21-Feb-2019 17:34:35.056 INFO [main] org.apache.catalina.core.AprLifecycleListener.lifecycleEvent The APR based Apache Tomcat Native library which allows optimal performance in production environments was not found on the java.library.path: [/usr/java/packages/lib/amd64:/usr/lib64:/lib64:/lib:/usr/lib]
21-Feb-2019 17:34:35.378 INFO [main] org.apache.coyote.AbstractProtocol.init Initializing ProtocolHandler ["http-nio-8080"]
21-Feb-2019 17:34:35.405 INFO [main] org.apache.tomcat.util.net.NioSelectorPool.getSharedSelector Using a shared selector for servlet write/read
21-Feb-2019 17:34:35.439 INFO [main] org.apache.coyote.AbstractProtocol.init Initializing ProtocolHandler ["ajp-nio-8009"]
21-Feb-2019 17:34:35.448 INFO [main] org.apache.tomcat.util.net.NioSelectorPool.getSharedSelector Using a shared selector for servlet write/read
21-Feb-2019 17:34:35.449 INFO [main] org.apache.catalina.startup.Catalina.load Initialization processed in 1209 ms
21-Feb-2019 17:34:35.487 INFO [main] org.apache.catalina.core.StandardService.startInternal Starting service [Catalina]
21-Feb-2019 17:34:35.487 INFO [main] org.apache.catalina.core.StandardEngine.startInternal Starting Servlet Engine: Apache Tomcat/8.5.38
21-Feb-2019 17:34:35.530 INFO [localhost-startStop-1] org.apache.catalina.startup.HostConfig.deployWAR Deploying web application archive [/root/sample/tomcat/webapps/sample.war]
21-Feb-2019 17:34:36.161 INFO [localhost-startStop-1] org.apache.catalina.startup.HostConfig.deployWAR Deployment of web application archive [/root/sample/tomcat/webapps/sample.war] has finished in [630] ms
21-Feb-2019 17:34:36.162 INFO [localhost-startStop-1] org.apache.catalina.startup.HostConfig.deployDirectory Deploying web application directory [/root/sample/tomcat/webapps/host-manager]
21-Feb-2019 17:34:36.228 INFO [localhost-startStop-1] org.apache.catalina.startup.HostConfig.deployDirectory Deployment of web application directory [/root/sample/tomcat/webapps/host-manager] has finished in [66] ms
21-Feb-2019 17:34:36.230 INFO [localhost-startStop-1] org.apache.catalina.startup.HostConfig.deployDirectory Deploying web application directory [/root/sample/tomcat/webapps/ROOT]
21-Feb-2019 17:34:36.267 INFO [localhost-startStop-1] org.apache.catalina.startup.HostConfig.deployDirectory Deployment of web application directory [/root/sample/tomcat/webapps/ROOT] has finished in [37] ms
21-Feb-2019 17:34:36.268 INFO [localhost-startStop-1] org.apache.catalina.startup.HostConfig.deployDirectory Deploying web application directory [/root/sample/tomcat/webapps/examples]
21-Feb-2019 17:34:36.669 INFO [localhost-startStop-1] org.apache.catalina.startup.HostConfig.deployDirectory Deployment of web application directory [/root/sample/tomcat/webapps/examples] has finished in [401] ms
21-Feb-2019 17:34:36.669 INFO [localhost-startStop-1] org.apache.catalina.startup.HostConfig.deployDirectory Deploying web application directory [/root/sample/tomcat/webapps/manager]
21-Feb-2019 17:34:36.708 INFO [localhost-startStop-1] org.apache.catalina.startup.HostConfig.deployDirectory Deployment of web application directory [/root/sample/tomcat/webapps/manager] has finished in [39] ms
21-Feb-2019 17:34:36.709 INFO [localhost-startStop-1] org.apache.catalina.startup.HostConfig.deployDirectory Deploying web application directory [/root/sample/tomcat/webapps/docs]
21-Feb-2019 17:34:36.739 INFO [localhost-startStop-1] org.apache.catalina.startup.HostConfig.deployDirectory Deployment of web application directory [/root/sample/tomcat/webapps/docs] has finished in [30] ms
21-Feb-2019 17:34:36.743 INFO [main] org.apache.coyote.AbstractProtocol.start Starting ProtocolHandler ["http-nio-8080"]
21-Feb-2019 17:34:36.762 INFO [main] org.apache.coyote.AbstractProtocol.start Starting ProtocolHandler ["ajp-nio-8009"]
21-Feb-2019 17:34:36.765 INFO [main] org.apache.catalina.startup.Catalina.start Server startup in 1315 ms
